# JRE version: OpenJDK Runtime Environment (11.0.10) (build 11.0.10+0-b96-7249189)
# Java VM: OpenJDK 64-Bit Server VM (11.0.10+0-b96-7249189, mixed mode, tiered, compressed oops, g1 gc, windows-amd64)
Heap:
 garbage-first heap   total 830464K, used 351232K [0x0000000080000000, 0x0000000100000000)
  region size 1024K, 7 young (7168K), 7 survivors (7168K)
 Metaspace       used 96409K, capacity 98682K, committed 98892K, reserved 1134592K
  class space    used 12496K, capacity 13358K, committed 13388K, reserved 1048576K
GC Heap History (20 events):
Event: 18.396 GC heap after
{Heap after GC invocations=28 (full 0):
 garbage-first heap   total 253952K, used 195432K [0x0000000080000000, 0x0000000100000000)
  region size 1024K, 3 young (3072K), 3 survivors (3072K)
 Metaspace       used 92387K, capacity 94507K, committed 94668K, reserved 1130496K
  class space    used 11877K, capacity 12665K, committed 12748K, reserved 1048576K
}
Event: 18.464 GC heap before
{Heap before GC invocations=29 (full 0):
 garbage-first heap   total 253952K, used 210792K [0x0000000080000000, 0x0000000100000000)
  region size 1024K, 18 young (18432K), 3 survivors (3072K)
 Metaspace       used 92387K, capacity 94507K, committed 94668K, reserved 1130496K
  class space    used 11877K, capacity 12665K, committed 12748K, reserved 1048576K
}
Event: 18.479 GC heap after
{Heap after GC invocations=30 (full 0):
 garbage-first heap   total 253952K, used 201728K [0x0000000080000000, 0x0000000100000000)
  region size 1024K, 3 young (3072K), 3 survivors (3072K)
 Metaspace       used 92387K, capacity 94507K, committed 94668K, reserved 1130496K
  class space    used 11877K, capacity 12665K, committed 12748K, reserved 1048576K
}
Event: 18.510 GC heap before
{Heap before GC invocations=30 (full 0):
 garbage-first heap   total 253952K, used 212992K [0x0000000080000000, 0x0000000100000000)
  region size 1024K, 12 young (12288K), 3 survivors (3072K)
 Metaspace       used 92388K, capacity 94507K, committed 94668K, reserved 1130496K
  class space    used 11877K, capacity 12665K, committed 12748K, reserved 1048576K
}
Event: 18.524 GC heap after
{Heap after GC invocations=31 (full 0):
 garbage-first heap   total 305152K, used 206699K [0x0000000080000000, 0x0000000100000000)
  region size 1024K, 2 young (2048K), 2 survivors (2048K)
 Metaspace       used 92388K, capacity 94507K, committed 94668K, reserved 1130496K
  class space    used 11877K, capacity 12665K, committed 12748K, reserved 1048576K
}
Event: 18.529 GC heap before
{Heap before GC invocations=31 (full 0):
 garbage-first heap   total 305152K, used 206699K [0x0000000080000000, 0x0000000100000000)
  region size 1024K, 3 young (3072K), 2 survivors (2048K)
 Metaspace       used 92388K, capacity 94507K, committed 94668K, reserved 1130496K
  class space    used 11877K, capacity 12665K, committed 12748K, reserved 1048576K
}
Event: 18.535 GC heap after
{Heap after GC invocations=32 (full 0):
 garbage-first heap   total 305152K, used 207345K [0x0000000080000000, 0x0000000100000000)
  region size 1024K, 3 young (3072K), 3 survivors (3072K)
 Metaspace       used 92388K, capacity 94507K, committed 94668K, reserved 1130496K
  class space    used 11877K, capacity 12665K, committed 12748K, reserved 1048576K
}
Event: 18.653 GC heap before
{Heap before GC invocations=32 (full 0):
 garbage-first heap   total 305152K, used 231921K [0x0000000080000000, 0x0000000100000000)
  region size 1024K, 26 young (26624K), 3 survivors (3072K)
 Metaspace       used 92954K, capacity 95067K, committed 95308K, reserved 1132544K
  class space    used 11979K, capacity 12791K, committed 12876K, reserved 1048576K
}
Event: 18.675 GC heap after
{Heap after GC invocations=33 (full 0):
 garbage-first heap   total 305152K, used 219168K [0x0000000080000000, 0x0000000100000000)
  region size 1024K, 4 young (4096K), 4 survivors (4096K)
 Metaspace       used 92954K, capacity 95067K, committed 95308K, reserved 1132544K
  class space    used 11979K, capacity 12791K, committed 12876K, reserved 1048576K
}
Event: 18.946 GC heap before
{Heap before GC invocations=34 (full 0):
 garbage-first heap   total 305152K, used 238624K [0x0000000080000000, 0x0000000100000000)
  region size 1024K, 24 young (24576K), 4 survivors (4096K)
 Metaspace       used 94300K, capacity 96443K, committed 96588K, reserved 1132544K
  class space    used 12232K, capacity 13031K, committed 13132K, reserved 1048576K
}
Event: 18.962 GC heap after
{Heap after GC invocations=35 (full 0):
 garbage-first heap   total 305152K, used 228352K [0x0000000080000000, 0x0000000100000000)
  region size 1024K, 3 young (3072K), 3 survivors (3072K)
 Metaspace       used 94300K, capacity 96443K, committed 96588K, reserved 1132544K
  class space    used 12232K, capacity 13031K, committed 13132K, reserved 1048576K
}
Event: 19.060 GC heap before
{Heap before GC invocations=35 (full 0):
 garbage-first heap   total 305152K, used 246784K [0x0000000080000000, 0x0000000100000000)
  region size 1024K, 21 young (21504K), 3 survivors (3072K)
 Metaspace       used 94360K, capacity 96508K, committed 96844K, reserved 1132544K
  class space    used 12233K, capacity 13031K, committed 13132K, reserved 1048576K
}
Event: 19.077 GC heap after
{Heap after GC invocations=36 (full 0):
 garbage-first heap   total 513024K, used 239502K [0x0000000080000000, 0x0000000100000000)
  region size 1024K, 3 young (3072K), 3 survivors (3072K)
 Metaspace       used 94360K, capacity 96508K, committed 96844K, reserved 1132544K
  class space    used 12233K, capacity 13031K, committed 13132K, reserved 1048576K
}
Event: 19.735 GC heap before
{Heap before GC invocations=37 (full 0):
 garbage-first heap   total 513024K, used 311182K [0x0000000080000000, 0x0000000100000000)
  region size 1024K, 75 young (76800K), 3 survivors (3072K)
 Metaspace       used 94357K, capacity 96478K, committed 96844K, reserved 1132544K
  class space    used 12225K, capacity 13018K, committed 13132K, reserved 1048576K
}
Event: 19.772 GC heap after
{Heap after GC invocations=38 (full 0):
 garbage-first heap   total 513024K, used 280049K [0x0000000080000000, 0x0000000100000000)
  region size 1024K, 10 young (10240K), 10 survivors (10240K)
 Metaspace       used 94357K, capacity 96478K, committed 96844K, reserved 1132544K
  class space    used 12225K, capacity 13018K, committed 13132K, reserved 1048576K
}
Event: 19.994 GC heap before
{Heap before GC invocations=38 (full 0):
 garbage-first heap   total 513024K, used 342513K [0x0000000080000000, 0x0000000100000000)
  region size 1024K, 72 young (73728K), 10 survivors (10240K)
 Metaspace       used 94368K, capacity 96542K, committed 96844K, reserved 1132544K
  class space    used 12225K, capacity 13018K, committed 13132K, reserved 1048576K
}
Event: 20.029 GC heap after
{Heap after GC invocations=39 (full 0):
 garbage-first heap   total 513024K, used 316416K [0x0000000080000000, 0x0000000100000000)
  region size 1024K, 9 young (9216K), 9 survivors (9216K)
 Metaspace       used 94368K, capacity 96542K, committed 96844K, reserved 1132544K
  class space    used 12225K, capacity 13018K, committed 13132K, reserved 1048576K
}
Event: 20.798 GC heap before
{Heap before GC invocations=40 (full 0):
 garbage-first heap   total 513024K, used 369664K [0x0000000080000000, 0x0000000100000000)
  region size 1024K, 62 young (63488K), 9 survivors (9216K)
 Metaspace       used 96021K, capacity 98229K, committed 98380K, reserved 1134592K
  class space    used 12451K, capacity 13294K, committed 13388K, reserved 1048576K
}
Event: 20.828 GC heap after
{Heap after GC invocations=41 (full 0):
 garbage-first heap   total 513024K, used 339968K [0x0000000080000000, 0x0000000100000000)
  region size 1024K, 8 young (8192K), 8 survivors (8192K)
 Metaspace       used 96021K, capacity 98229K, committed 98380K, reserved 1134592K
  class space    used 12451K, capacity 13294K, committed 13388K, reserved 1048576K
}
Event: 21.237 GC heap before
{Heap before GC invocations=41 (full 0):
 garbage-first heap   total 513024K, used 387072K [0x0000000080000000, 0x0000000100000000)
  region size 1024K, 55 young (56320K), 8 survivors (8192K)
 Metaspace       used 96409K, capacity 98682K, committed 98892K, reserved 1134592K
  class space    used 12496K, capacity 13358K, committed 13388K, reserved 1048576K
}

