# JRE version: OpenJDK Runtime Environment (11.0.10) (build 11.0.10+0-b96-7249189)
# Java VM: OpenJDK 64-Bit Server VM (11.0.10+0-b96-7249189, mixed mode, tiered, compressed oops, g1 gc, windows-amd64)
Heap:
 garbage-first heap   total 771072K, used 352256K [0x0000000080000000, 0x0000000100000000)
  region size 1024K, 4 young (4096K), 4 survivors (4096K)
 Metaspace       used 146887K, capacity 150548K, committed 150688K, reserved 1179648K
  class space    used 19070K, capacity 20383K, committed 20384K, reserved 1048576K
GC Heap History (20 events):
Event: 786.139 GC heap after
{Heap after GC invocations=54 (full 0):
 garbage-first heap   total 269312K, used 244736K [0x0000000080000000, 0x0000000100000000)
  region size 1024K, 2 young (2048K), 2 survivors (2048K)
 Metaspace       used 144958K, capacity 148543K, committed 148768K, reserved 1177600K
  class space    used 18721K, capacity 19997K, committed 20000K, reserved 1048576K
}
Event: 786.235 GC heap before
{Heap before GC invocations=54 (full 0):
 garbage-first heap   total 269312K, used 257024K [0x0000000080000000, 0x0000000100000000)
  region size 1024K, 13 young (13312K), 2 survivors (2048K)
 Metaspace       used 144959K, capacity 148543K, committed 148768K, reserved 1177600K
  class space    used 18721K, capacity 19997K, committed 20000K, reserved 1048576K
}
Event: 786.248 GC heap after
{Heap after GC invocations=55 (full 0):
 garbage-first heap   total 269312K, used 252127K [0x0000000080000000, 0x0000000100000000)
  region size 1024K, 2 young (2048K), 2 survivors (2048K)
 Metaspace       used 144959K, capacity 148543K, committed 148768K, reserved 1177600K
  class space    used 18721K, capacity 19997K, committed 20000K, reserved 1048576K
}
Event: 786.343 GC heap before
{Heap before GC invocations=55 (full 0):
 garbage-first heap   total 269312K, used 263391K [0x0000000080000000, 0x0000000100000000)
  region size 1024K, 13 young (13312K), 2 survivors (2048K)
 Metaspace       used 144959K, capacity 148543K, committed 148768K, reserved 1177600K
  class space    used 18721K, capacity 19997K, committed 20000K, reserved 1048576K
}
Event: 786.358 GC heap after
{Heap after GC invocations=56 (full 0):
 garbage-first heap   total 324608K, used 256605K [0x0000000080000000, 0x0000000100000000)
  region size 1024K, 2 young (2048K), 2 survivors (2048K)
 Metaspace       used 144959K, capacity 148543K, committed 148768K, reserved 1177600K
  class space    used 18721K, capacity 19997K, committed 20000K, reserved 1048576K
}
Event: 786.466 GC heap before
{Heap before GC invocations=56 (full 0):
 garbage-first heap   total 324608K, used 269917K [0x0000000080000000, 0x0000000100000000)
  region size 1024K, 16 young (16384K), 2 survivors (2048K)
 Metaspace       used 144959K, capacity 148543K, committed 148768K, reserved 1177600K
  class space    used 18721K, capacity 19997K, committed 20000K, reserved 1048576K
}
Event: 786.480 GC heap after
{Heap after GC invocations=57 (full 0):
 garbage-first heap   total 324608K, used 262144K [0x0000000080000000, 0x0000000100000000)
  region size 1024K, 2 young (2048K), 2 survivors (2048K)
 Metaspace       used 144959K, capacity 148543K, committed 148768K, reserved 1177600K
  class space    used 18721K, capacity 19997K, committed 20000K, reserved 1048576K
}
Event: 786.564 GC heap before
{Heap before GC invocations=58 (full 0):
 garbage-first heap   total 324608K, used 279552K [0x0000000080000000, 0x0000000100000000)
  region size 1024K, 15 young (15360K), 2 survivors (2048K)
 Metaspace       used 144959K, capacity 148543K, committed 148768K, reserved 1177600K
  class space    used 18721K, capacity 19997K, committed 20000K, reserved 1048576K
}
Event: 786.578 GC heap after
{Heap after GC invocations=59 (full 0):
 garbage-first heap   total 324608K, used 272271K [0x0000000080000000, 0x0000000100000000)
  region size 1024K, 2 young (2048K), 2 survivors (2048K)
 Metaspace       used 144959K, capacity 148543K, committed 148768K, reserved 1177600K
  class space    used 18721K, capacity 19997K, committed 20000K, reserved 1048576K
}
Event: 786.610 GC heap before
{Heap before GC invocations=59 (full 0):
 garbage-first heap   total 324608K, used 284559K [0x0000000080000000, 0x0000000100000000)
  region size 1024K, 15 young (15360K), 2 survivors (2048K)
 Metaspace       used 144960K, capacity 148543K, committed 148768K, reserved 1177600K
  class space    used 18721K, capacity 19997K, committed 20000K, reserved 1048576K
}
Event: 786.625 GC heap after
{Heap after GC invocations=60 (full 0):
 garbage-first heap   total 324608K, used 278334K [0x0000000080000000, 0x0000000100000000)
  region size 1024K, 2 young (2048K), 2 survivors (2048K)
 Metaspace       used 144960K, capacity 148543K, committed 148768K, reserved 1177600K
  class space    used 18721K, capacity 19997K, committed 20000K, reserved 1048576K
}
Event: 786.911 GC heap before
{Heap before GC invocations=60 (full 0):
 garbage-first heap   total 324608K, used 291646K [0x0000000080000000, 0x0000000100000000)
  region size 1024K, 15 young (15360K), 2 survivors (2048K)
 Metaspace       used 146550K, capacity 150205K, committed 150432K, reserved 1179648K
  class space    used 19049K, capacity 20380K, committed 20384K, reserved 1048576K
}
Event: 786.926 GC heap after
{Heap after GC invocations=61 (full 0):
 garbage-first heap   total 439296K, used 283433K [0x0000000080000000, 0x0000000100000000)
  region size 1024K, 2 young (2048K), 2 survivors (2048K)
 Metaspace       used 146550K, capacity 150205K, committed 150432K, reserved 1179648K
  class space    used 19049K, capacity 20380K, committed 20384K, reserved 1048576K
}
Event: 787.534 GC heap before
{Heap before GC invocations=62 (full 0):
 garbage-first heap   total 439296K, used 320297K [0x0000000080000000, 0x0000000100000000)
  region size 1024K, 40 young (40960K), 2 survivors (2048K)
 Metaspace       used 146871K, capacity 150548K, committed 150688K, reserved 1179648K
  class space    used 19070K, capacity 20383K, committed 20384K, reserved 1048576K
}
Event: 787.560 GC heap after
{Heap after GC invocations=63 (full 0):
 garbage-first heap   total 439296K, used 303104K [0x0000000080000000, 0x0000000100000000)
  region size 1024K, 5 young (5120K), 5 survivors (5120K)
 Metaspace       used 146871K, capacity 150548K, committed 150688K, reserved 1179648K
  class space    used 19070K, capacity 20383K, committed 20384K, reserved 1048576K
}
Event: 787.729 GC heap before
{Heap before GC invocations=63 (full 0):
 garbage-first heap   total 439296K, used 335872K [0x0000000080000000, 0x0000000100000000)
  region size 1024K, 38 young (38912K), 5 survivors (5120K)
 Metaspace       used 146878K, capacity 150548K, committed 150688K, reserved 1179648K
  class space    used 19070K, capacity 20383K, committed 20384K, reserved 1048576K
}
Event: 787.761 GC heap after
{Heap after GC invocations=64 (full 0):
 garbage-first heap   total 439296K, used 322560K [0x0000000080000000, 0x0000000100000000)
  region size 1024K, 5 young (5120K), 5 survivors (5120K)
 Metaspace       used 146878K, capacity 150548K, committed 150688K, reserved 1179648K
  class space    used 19070K, capacity 20383K, committed 20384K, reserved 1048576K
}
Event: 787.897 GC heap before
{Heap before GC invocations=64 (full 0):
 garbage-first heap   total 439296K, used 349184K [0x0000000080000000, 0x0000000100000000)
  region size 1024K, 32 young (32768K), 5 survivors (5120K)
 Metaspace       used 146878K, capacity 150548K, committed 150688K, reserved 1179648K
  class space    used 19070K, capacity 20383K, committed 20384K, reserved 1048576K
}
Event: 787.914 GC heap after
{Heap after GC invocations=65 (full 0):
 garbage-first heap   total 439296K, used 338944K [0x0000000080000000, 0x0000000100000000)
  region size 1024K, 4 young (4096K), 4 survivors (4096K)
 Metaspace       used 146878K, capacity 150548K, committed 150688K, reserved 1179648K
  class space    used 19070K, capacity 20383K, committed 20384K, reserved 1048576K
}
Event: 788.034 GC heap before
{Heap before GC invocations=65 (full 0):
 garbage-first heap   total 439296K, used 361472K [0x0000000080000000, 0x0000000100000000)
  region size 1024K, 26 young (26624K), 4 survivors (4096K)
 Metaspace       used 146887K, capacity 150548K, committed 150688K, reserved 1179648K
  class space    used 19070K, capacity 20383K, committed 20384K, reserved 1048576K
}

